Administrator.jsp compilation failure
Billing.java compiled successfully
billing.jsp compilation failure
BloodTest.java compiled successfully
compile_java compilation failure
compile.log compilation failure
DAO.java compilation failure
Dashboard.jsp compilation failure
dataGridServlet.java compilation failure
date_picker.jsp compilation failure
DBConn.java compilation failure
dropdownlist.jsp compilation failure
Email_Notification.jsp compilation failure
Employee.java compiled successfully
firstLogin.jsp compilation failure
ForgotPassword.java compilation failure
Forgot_Password.jsp compilation failure
ForgotUserID.java compilation failure
Forgot_UserID.jsp compilation failure
Login.java compiled successfully
Login.jsp compilation failure
Mailer.java compiled successfully
Medium.java compiled successfully
multilple_column.jsp compilation failure
navigateDatagrid.java compiled successfully
order.jsp compilation failure
patient_details.jsp compilation failure
patient_registration.jsp compilation failure
payment.jsp compilation failure
query.jsp compilation failure
Register.jsp compilation failure
RegisterPatient.java compiled successfully
RegisterUser.java compiled successfully
reports.jsp compilation failure
Sales.jsp compilation failure
userProfile.java compiled successfully
userServices.java compilation failure
WEB-INF compilation failure
